* checking for file ‘./DESCRIPTION’ ... OK
* preparing ‘mkin’:
* checking DESCRIPTION meta-information ... OK
* cleaning src
* installing the package to build vignettes
* creating vignettes ... ERROR
--- re-building ‘FOCUS_D.rmd’ using rmarkdown
Quitting from lines 49-50 (FOCUS_D.rmd) 
Error: processing vignette 'FOCUS_D.rmd' failed with diagnostics:
replacement has 21 rows, data has 38
--- failed re-building ‘FOCUS_D.rmd’

--- re-building ‘FOCUS_L.rmd’ using rmarkdown
--- finished re-building ‘FOCUS_L.rmd’

--- re-building ‘mkin.rmd’ using rmarkdown
--- finished re-building ‘mkin.rmd’

--- re-building ‘twa.rmd’ using rmarkdown
--- finished re-building ‘twa.rmd’

SUMMARY: processing the following file failed:
  ‘FOCUS_D.rmd’

Error: Vignette re-building failed.
Execution halted
