This is pdfTeX, Version 3.14159265-2.6-1.40.15 (TeX Live 2015/dev/Debian) (preloaded format=pdflatex 2015.11.18)  24 OCT 2016 13:58
entering extended mode
 restricted \write18 enabled.
 %&-line parsing enabled.
**\nonstopmode \input ./FOCUS_Z.tex
(./FOCUS_Z.tex (/usr/share/texlive/texmf-dist/tex/latex/base/article.cls
Document Class: article 2014/09/29 v1.4h Standard LaTeX document class
(/usr/share/texlive/texmf-dist/tex/latex/base/size12.clo
File: size12.clo 2014/09/29 v1.4h Standard LaTeX file (size option)
)
\c@part=\count79
\c@section=\count80
\c@subsection=\count81
\c@subsubsection=\count82
\c@paragraph=\count83
\c@subparagraph=\count84
\c@figure=\count85
\c@table=\count86
\abovecaptionskip=\skip41
\belowcaptionskip=\skip42
\bibindent=\dimen102
)
(/usr/share/texlive/texmf-dist/tex/latex/graphics/graphicx.sty
Package: graphicx 2014/04/25 v1.0g Enhanced LaTeX Graphics (DPC,SPQR)

(/usr/share/texlive/texmf-dist/tex/latex/graphics/keyval.sty
Package: keyval 2014/05/08 v1.15 key=value parser (DPC)
\KV@toks@=\toks14
)
(/usr/share/texlive/texmf-dist/tex/latex/graphics/graphics.sty
Package: graphics 2009/02/05 v1.0o Standard LaTeX Graphics (DPC,SPQR)

(/usr/share/texlive/texmf-dist/tex/latex/graphics/trig.sty
Package: trig 1999/03/16 v1.09 sin cos tan (DPC)
)
(/usr/share/texlive/texmf-dist/tex/latex/latexconfig/graphics.cfg
File: graphics.cfg 2010/04/23 v1.9 graphics configuration of TeX Live
)
Package graphics Info: Driver file: pdftex.def on input line 91.

(/usr/share/texlive/texmf-dist/tex/latex/pdftex-def/pdftex.def
File: pdftex.def 2011/05/27 v0.06d Graphics/color for pdfTeX

(/usr/share/texlive/texmf-dist/tex/generic/oberdiek/infwarerr.sty
Package: infwarerr 2010/04/08 v1.3 Providing info/warning/error messages (HO)
)
(/usr/share/texlive/texmf-dist/tex/generic/oberdiek/ltxcmds.sty
Package: ltxcmds 2011/11/09 v1.22 LaTeX kernel commands for general use (HO)
)
\Gread@gobject=\count87
))
\Gin@req@height=\dimen103
\Gin@req@width=\dimen104
)
(/usr/share/texlive/texmf-dist/tex/latex/graphics/color.sty
Package: color 2014/04/23 v1.1a Standard LaTeX Color (DPC)

(/usr/share/texlive/texmf-dist/tex/latex/latexconfig/color.cfg
File: color.cfg 2007/01/18 v1.5 color configuration of teTeX/TeXLive
)
Package color Info: Driver file: pdftex.def on input line 137.
)
(/usr/share/texlive/texmf-dist/tex/latex/framed/framed.sty
Package: framed 2011/10/22 v 0.96: framed or shaded text with page breaks
\OuterFrameSep=\skip43
\fb@frw=\dimen105
\fb@frh=\dimen106
\FrameRule=\dimen107
\FrameSep=\dimen108
)
(/usr/share/texlive/texmf-dist/tex/latex/base/alltt.sty
Package: alltt 1997/06/16 v2.0g defines alltt environment
)
(/usr/share/texlive/texmf-dist/tex/latex/a4wide/a4wide.sty
Package: a4wide 1994/08/30

(/usr/share/texlive/texmf-dist/tex/latex/ntgclass/a4.sty
Package: a4 2004/04/15 v1.2g A4 based page layout
)) (./header.tex
(/usr/share/texlive/texmf-dist/tex/latex/booktabs/booktabs.sty
Package: booktabs 2005/04/14 v1.61803 publication quality tables
\heavyrulewidth=\dimen109
\lightrulewidth=\dimen110
\cmidrulewidth=\dimen111
\belowrulesep=\dimen112
\belowbottomsep=\dimen113
\aboverulesep=\dimen114
\abovetopsep=\dimen115
\cmidrulesep=\dimen116
\cmidrulekern=\dimen117
\defaultaddspace=\dimen118
\@cmidla=\count88
\@cmidlb=\count89
\@aboverulesep=\dimen119
\@belowrulesep=\dimen120
\@thisruleclass=\count90
\@lastruleclass=\count91
\@thisrulewidth=\dimen121
)
(/usr/share/texlive/texmf-dist/tex/latex/amsfonts/amsfonts.sty
Package: amsfonts 2013/01/14 v3.01 Basic AMSFonts support
\@emptytoks=\toks15
\symAMSa=\mathgroup4
\symAMSb=\mathgroup5
LaTeX Font Info:    Overwriting math alphabet `\mathfrak' in version `bold'
(Font)                  U/euf/m/n --> U/euf/b/n on input line 106.
)
(/usr/share/texlive/texmf-dist/tex/latex/base/latexsym.sty
Package: latexsym 1998/08/17 v2.2e Standard LaTeX package (lasy symbols)
\symlasy=\mathgroup6
LaTeX Font Info:    Overwriting symbol font `lasy' in version `bold'
(Font)                  U/lasy/m/n --> U/lasy/b/n on input line 47.
)
(/usr/share/texlive/texmf-dist/tex/latex/amsmath/amsmath.sty
Package: amsmath 2013/01/14 v2.14 AMS math features
\@mathmargin=\skip44

For additional information on amsmath, use the `?' option.
(/usr/share/texlive/texmf-dist/tex/latex/amsmath/amstext.sty
Package: amstext 2000/06/29 v2.01

(/usr/share/texlive/texmf-dist/tex/latex/amsmath/amsgen.sty
File: amsgen.sty 1999/11/30 v2.0
\@emptytoks=\toks16
\ex@=\dimen122
))
(/usr/share/texlive/texmf-dist/tex/latex/amsmath/amsbsy.sty
Package: amsbsy 1999/11/29 v1.2d
\pmbraise@=\dimen123
)
(/usr/share/texlive/texmf-dist/tex/latex/amsmath/amsopn.sty
Package: amsopn 1999/12/14 v2.01 operator names
)
\inf@bad=\count92
LaTeX Info: Redefining \frac on input line 210.
\uproot@=\count93
\leftroot@=\count94
LaTeX Info: Redefining \overline on input line 306.
\classnum@=\count95
\DOTSCASE@=\count96
LaTeX Info: Redefining \ldots on input line 378.
LaTeX Info: Redefining \dots on input line 381.
LaTeX Info: Redefining \cdots on input line 466.
\Mathstrutbox@=\box26
\strutbox@=\box27
\big@size=\dimen124
LaTeX Font Info:    Redeclaring font encoding OML on input line 566.
LaTeX Font Info:    Redeclaring font encoding OMS on input line 567.
\macc@depth=\count97
\c@MaxMatrixCols=\count98
\dotsspace@=\muskip10
\c@parentequation=\count99
\dspbrk@lvl=\count100
\tag@help=\toks17
\row@=\count101
\column@=\count102
\maxfields@=\count103
\andhelp@=\toks18
\eqnshift@=\dimen125
\alignsep@=\dimen126
\tagshift@=\dimen127
\tagwidth@=\dimen128
\totwidth@=\dimen129
\lineht@=\dimen130
\@envbody=\toks19
\multlinegap=\skip45
\multlinetaggap=\skip46
\mathdisplay@stack=\toks20
LaTeX Info: Redefining \[ on input line 2665.
LaTeX Info: Redefining \] on input line 2666.
)
(/usr/share/texlive/texmf-dist/tex/latex/amsfonts/amssymb.sty
Package: amssymb 2013/01/14 v3.01 AMS font symbols
)
(/usr/share/texlive/texmf-dist/tex/latex/parskip/parskip.sty
Package: parskip 2001/04/09 non-zero parskip adjustments
)
(/usr/share/texlive/texmf-dist/tex/latex/natbib/natbib.sty
Package: natbib 2010/09/13 8.31b (PWD, AO)
\bibhang=\skip47
\bibsep=\skip48
LaTeX Info: Redefining \cite on input line 694.
\c@NAT@ctr=\count104
)
(/usr/share/texlive/texmf-dist/tex/latex/hyperref/hyperref.sty
Package: hyperref 2012/11/06 v6.83m Hypertext links for LaTeX

(/usr/share/texlive/texmf-dist/tex/generic/oberdiek/hobsub-hyperref.sty
Package: hobsub-hyperref 2012/05/28 v1.13 Bundle oberdiek, subset hyperref (HO)


(/usr/share/texlive/texmf-dist/tex/generic/oberdiek/hobsub-generic.sty
Package: hobsub-generic 2012/05/28 v1.13 Bundle oberdiek, subset generic (HO)
Package: hobsub 2012/05/28 v1.13 Construct package bundles (HO)
Package hobsub Info: Skipping package `infwarerr' (already loaded).
Package hobsub Info: Skipping package `ltxcmds' (already loaded).
Package: ifluatex 2010/03/01 v1.3 Provides the ifluatex switch (HO)
Package ifluatex Info: LuaTeX not detected.
Package: ifvtex 2010/03/01 v1.5 Detect VTeX and its facilities (HO)
Package ifvtex Info: VTeX not detected.
Package: intcalc 2007/09/27 v1.1 Expandable calculations with integers (HO)
Package: ifpdf 2011/01/30 v2.3 Provides the ifpdf switch (HO)
Package ifpdf Info: pdfTeX in PDF mode is detected.
Package: etexcmds 2011/02/16 v1.5 Avoid name clashes with e-TeX commands (HO)
Package etexcmds Info: Could not find \expanded.
(etexcmds)             That can mean that you are not using pdfTeX 1.50 or
(etexcmds)             that some package has redefined \expanded.
(etexcmds)             In the latter case, load this package earlier.
Package: kvsetkeys 2012/04/25 v1.16 Key value parser (HO)
Package: kvdefinekeys 2011/04/07 v1.3 Define keys (HO)
Package: pdftexcmds 2011/11/29 v0.20 Utility functions of pdfTeX for LuaTeX (HO
)
Package pdftexcmds Info: LuaTeX not detected.
Package pdftexcmds Info: \pdf@primitive is available.
Package pdftexcmds Info: \pdf@ifprimitive is available.
Package pdftexcmds Info: \pdfdraftmode found.
Package: pdfescape 2011/11/25 v1.13 Implements pdfTeX's escape features (HO)
Package: bigintcalc 2012/04/08 v1.3 Expandable calculations on big integers (HO
)
Package: bitset 2011/01/30 v1.1 Handle bit-vector datatype (HO)
Package: uniquecounter 2011/01/30 v1.2 Provide unlimited unique counter (HO)
)
Package hobsub Info: Skipping package `hobsub' (already loaded).
Package: letltxmacro 2010/09/02 v1.4 Let assignment for LaTeX macros (HO)
Package: hopatch 2012/05/28 v1.2 Wrapper for package hooks (HO)
Package: xcolor-patch 2011/01/30 xcolor patch
Package: atveryend 2011/06/30 v1.8 Hooks at the very end of document (HO)
Package atveryend Info: \enddocument detected (standard20110627).
Package: atbegshi 2011/10/05 v1.16 At begin shipout hook (HO)
Package: refcount 2011/10/16 v3.4 Data extraction from label references (HO)
Package: hycolor 2011/01/30 v1.7 Color options for hyperref/bookmark (HO)
)
(/usr/share/texlive/texmf-dist/tex/generic/ifxetex/ifxetex.sty
Package: ifxetex 2010/09/12 v0.6 Provides ifxetex conditional
)
(/usr/share/texlive/texmf-dist/tex/latex/oberdiek/auxhook.sty
Package: auxhook 2011/03/04 v1.3 Hooks for auxiliary files (HO)
)
(/usr/share/texlive/texmf-dist/tex/latex/oberdiek/kvoptions.sty
Package: kvoptions 2011/06/30 v3.11 Key value format for package options (HO)
)
\@linkdim=\dimen131
\Hy@linkcounter=\count105
\Hy@pagecounter=\count106

(/usr/share/texlive/texmf-dist/tex/latex/hyperref/pd1enc.def
File: pd1enc.def 2012/11/06 v6.83m Hyperref: PDFDocEncoding definition (HO)
)
\Hy@SavedSpaceFactor=\count107

(/usr/share/texlive/texmf-dist/tex/latex/latexconfig/hyperref.cfg
File: hyperref.cfg 2002/06/06 v1.2 hyperref configuration of TeXLive
)
Package hyperref Info: Hyper figures OFF on input line 4443.
Package hyperref Info: Link nesting OFF on input line 4448.
Package hyperref Info: Hyper index ON on input line 4451.
Package hyperref Info: Plain pages OFF on input line 4458.
Package hyperref Info: Backreferencing OFF on input line 4463.
Package hyperref Info: Implicit mode ON; LaTeX internals redefined.
Package hyperref Info: Bookmarks ON on input line 4688.
\c@Hy@tempcnt=\count108

(/usr/share/texlive/texmf-dist/tex/latex/url/url.sty
\Urlmuskip=\muskip11
Package: url 2013/09/16  ver 3.4  Verb mode for urls, etc.
)
LaTeX Info: Redefining \url on input line 5041.
\XeTeXLinkMargin=\dimen132
\Fld@menulength=\count109
\Field@Width=\dimen133
\Fld@charsize=\dimen134
Package hyperref Info: Hyper figures OFF on input line 6295.
Package hyperref Info: Link nesting OFF on input line 6300.
Package hyperref Info: Hyper index ON on input line 6303.
Package hyperref Info: backreferencing OFF on input line 6310.
Package hyperref Info: Link coloring OFF on input line 6315.
Package hyperref Info: Link coloring with OCG OFF on input line 6320.
Package hyperref Info: PDF/A mode OFF on input line 6325.
LaTeX Info: Redefining \ref on input line 6365.
LaTeX Info: Redefining \pageref on input line 6369.
\Hy@abspage=\count110
\c@Item=\count111
\c@Hfootnote=\count112
)

Package hyperref Message: Driver (autodetected): hpdftex.

(/usr/share/texlive/texmf-dist/tex/latex/hyperref/hpdftex.def
File: hpdftex.def 2012/11/06 v6.83m Hyperref driver for pdfTeX
\Fld@listcount=\count113
\c@bookmark@seq@number=\count114

(/usr/share/texlive/texmf-dist/tex/latex/oberdiek/rerunfilecheck.sty
Package: rerunfilecheck 2011/04/15 v1.7 Rerun checks for auxiliary files (HO)
Package uniquecounter Info: New unique counter `rerunfilecheck' on input line 2
82.
)
\Hy@SectionHShift=\skip49
)
(/usr/share/texlive/texmf-dist/tex/latex/base/fontenc.sty
Package: fontenc 2005/09/27 v1.99g Standard LaTeX package

(/usr/share/texlive/texmf-dist/tex/latex/base/t1enc.def
File: t1enc.def 2005/09/27 v1.99g Standard LaTeX file
LaTeX Font Info:    Redeclaring font encoding T1 on input line 43.
))
(/usr/share/texlive/texmf-dist/tex/latex/ae/ae.sty
Package: ae 2001/02/12 1.3 Almost European Computer Modern

(/usr/share/texlive/texmf-dist/tex/latex/base/fontenc.sty
Package: fontenc 2005/09/27 v1.99g Standard LaTeX package

(/usr/share/texlive/texmf-dist/tex/latex/base/t1enc.def
File: t1enc.def 2005/09/27 v1.99g Standard LaTeX file
LaTeX Font Info:    Redeclaring font encoding T1 on input line 43.
)
LaTeX Font Info:    Try loading font information for T1+aer on input line 100.

(/usr/share/texlive/texmf-dist/tex/latex/ae/t1aer.fd
File: t1aer.fd 1997/11/16 Font definitions for T1/aer.
)))
(/usr/share/texlive/texmf-dist/tex/latex/fancyvrb/fancyvrb.sty
Package: fancyvrb 2008/02/07

Style option: `fancyvrb' v2.7a, with DG/SPQR fixes, and firstline=lastline fix 
<2008/02/07> (tvz)
\FV@CodeLineNo=\count115
\FV@InFile=\read1
\FV@TabBox=\box28
\c@FancyVerbLine=\count116
\FV@StepNumber=\count117
\FV@OutFile=\write3
)
(/usr/share/texlive/texmf-dist/tex/latex/upquote/upquote.sty
Package: upquote 2012/04/19 v1.3 upright-quote and grave-accent glyphs in verba
tim

(/usr/share/texlive/texmf-dist/tex/latex/base/textcomp.sty
Package: textcomp 2005/09/27 v1.99g Standard LaTeX package
Package textcomp Info: Sub-encoding information:
(textcomp)               5 = only ISO-Adobe without \textcurrency
(textcomp)               4 = 5 + \texteuro
(textcomp)               3 = 4 + \textohm
(textcomp)               2 = 3 + \textestimated + \textcurrency
(textcomp)               1 = TS1 - \textcircled - \t
(textcomp)               0 = TS1 (full)
(textcomp)             Font families with sub-encoding setting implement
(textcomp)             only a restricted character set as indicated.
(textcomp)             Family '?' is the default used for unknown fonts.
(textcomp)             See the documentation for details.
Package textcomp Info: Setting ? sub-encoding to TS1/1 on input line 71.

(/usr/share/texlive/texmf-dist/tex/latex/base/ts1enc.def
File: ts1enc.def 2001/06/05 v3.0e (jk/car/fm) Standard LaTeX file
)
LaTeX Info: Redefining \oldstylenums on input line 266.
Package textcomp Info: Setting cmr sub-encoding to TS1/0 on input line 281.
Package textcomp Info: Setting cmss sub-encoding to TS1/0 on input line 282.
Package textcomp Info: Setting cmtt sub-encoding to TS1/0 on input line 283.
Package textcomp Info: Setting cmvtt sub-encoding to TS1/0 on input line 284.
Package textcomp Info: Setting cmbr sub-encoding to TS1/0 on input line 285.
Package textcomp Info: Setting cmtl sub-encoding to TS1/0 on input line 286.
Package textcomp Info: Setting ccr sub-encoding to TS1/0 on input line 287.
Package textcomp Info: Setting ptm sub-encoding to TS1/4 on input line 288.
Package textcomp Info: Setting pcr sub-encoding to TS1/4 on input line 289.
Package textcomp Info: Setting phv sub-encoding to TS1/4 on input line 290.
Package textcomp Info: Setting ppl sub-encoding to TS1/3 on input line 291.
Package textcomp Info: Setting pag sub-encoding to TS1/4 on input line 292.
Package textcomp Info: Setting pbk sub-encoding to TS1/4 on input line 293.
Package textcomp Info: Setting pnc sub-encoding to TS1/4 on input line 294.
Package textcomp Info: Setting pzc sub-encoding to TS1/4 on input line 295.
Package textcomp Info: Setting bch sub-encoding to TS1/4 on input line 296.
Package textcomp Info: Setting put sub-encoding to TS1/5 on input line 297.
Package textcomp Info: Setting uag sub-encoding to TS1/5 on input line 298.
Package textcomp Info: Setting ugq sub-encoding to TS1/5 on input line 299.
Package textcomp Info: Setting ul8 sub-encoding to TS1/4 on input line 300.
Package textcomp Info: Setting ul9 sub-encoding to TS1/4 on input line 301.
Package textcomp Info: Setting augie sub-encoding to TS1/5 on input line 302.
Package textcomp Info: Setting dayrom sub-encoding to TS1/3 on input line 303.
Package textcomp Info: Setting dayroms sub-encoding to TS1/3 on input line 304.

Package textcomp Info: Setting pxr sub-encoding to TS1/0 on input line 305.
Package textcomp Info: Setting pxss sub-encoding to TS1/0 on input line 306.
Package textcomp Info: Setting pxtt sub-encoding to TS1/0 on input line 307.
Package textcomp Info: Setting txr sub-encoding to TS1/0 on input line 308.
Package textcomp Info: Setting txss sub-encoding to TS1/0 on input line 309.
Package textcomp Info: Setting txtt sub-encoding to TS1/0 on input line 310.
Package textcomp Info: Setting lmr sub-encoding to TS1/0 on input line 311.
Package textcomp Info: Setting lmdh sub-encoding to TS1/0 on input line 312.
Package textcomp Info: Setting lmss sub-encoding to TS1/0 on input line 313.
Package textcomp Info: Setting lmssq sub-encoding to TS1/0 on input line 314.
Package textcomp Info: Setting lmvtt sub-encoding to TS1/0 on input line 315.
Package textcomp Info: Setting qhv sub-encoding to TS1/0 on input line 316.
Package textcomp Info: Setting qag sub-encoding to TS1/0 on input line 317.
Package textcomp Info: Setting qbk sub-encoding to TS1/0 on input line 318.
Package textcomp Info: Setting qcr sub-encoding to TS1/0 on input line 319.
Package textcomp Info: Setting qcs sub-encoding to TS1/0 on input line 320.
Package textcomp Info: Setting qpl sub-encoding to TS1/0 on input line 321.
Package textcomp Info: Setting qtm sub-encoding to TS1/0 on input line 322.
Package textcomp Info: Setting qzc sub-encoding to TS1/0 on input line 323.
Package textcomp Info: Setting qhvc sub-encoding to TS1/0 on input line 324.
Package textcomp Info: Setting futs sub-encoding to TS1/4 on input line 325.
Package textcomp Info: Setting futx sub-encoding to TS1/4 on input line 326.
Package textcomp Info: Setting futj sub-encoding to TS1/4 on input line 327.
Package textcomp Info: Setting hlh sub-encoding to TS1/3 on input line 328.
Package textcomp Info: Setting hls sub-encoding to TS1/3 on input line 329.
Package textcomp Info: Setting hlst sub-encoding to TS1/3 on input line 330.
Package textcomp Info: Setting hlct sub-encoding to TS1/5 on input line 331.
Package textcomp Info: Setting hlx sub-encoding to TS1/5 on input line 332.
Package textcomp Info: Setting hlce sub-encoding to TS1/5 on input line 333.
Package textcomp Info: Setting hlcn sub-encoding to TS1/5 on input line 334.
Package textcomp Info: Setting hlcw sub-encoding to TS1/5 on input line 335.
Package textcomp Info: Setting hlcf sub-encoding to TS1/5 on input line 336.
Package textcomp Info: Setting pplx sub-encoding to TS1/3 on input line 337.
Package textcomp Info: Setting pplj sub-encoding to TS1/3 on input line 338.
Package textcomp Info: Setting ptmx sub-encoding to TS1/4 on input line 339.
Package textcomp Info: Setting ptmj sub-encoding to TS1/4 on input line 340.
)))
(/usr/share/texlive/texmf-dist/tex/latex/relsize/relsize.sty
Package: relsize 2013/03/29 ver 4.1
)
Package hyperref Info: Option `colorlinks' set `true' on input line 66.


Package hyperref Warning: Option `hyperindex' has already been used,
(hyperref)                setting the option has no effect on input line 66.

Package hyperref Info: Option `linktocpage' set `true' on input line 66.
(./FOCUS_Z.aux)
\openout1 = `FOCUS_Z.aux'.

LaTeX Font Info:    Checking defaults for OML/cmm/m/it on input line 68.
LaTeX Font Info:    ... okay on input line 68.
LaTeX Font Info:    Checking defaults for T1/cmr/m/n on input line 68.
LaTeX Font Info:    ... okay on input line 68.
LaTeX Font Info:    Checking defaults for OT1/cmr/m/n on input line 68.
LaTeX Font Info:    ... okay on input line 68.
LaTeX Font Info:    Checking defaults for OMS/cmsy/m/n on input line 68.
LaTeX Font Info:    ... okay on input line 68.
LaTeX Font Info:    Checking defaults for OMX/cmex/m/n on input line 68.
LaTeX Font Info:    ... okay on input line 68.
LaTeX Font Info:    Checking defaults for U/cmr/m/n on input line 68.
LaTeX Font Info:    ... okay on input line 68.
LaTeX Font Info:    Checking defaults for PD1/pdf/m/n on input line 68.
LaTeX Font Info:    ... okay on input line 68.
LaTeX Font Info:    Checking defaults for TS1/cmr/m/n on input line 68.
LaTeX Font Info:    Try loading font information for TS1+cmr on input line 68.
 (/usr/share/texlive/texmf-dist/tex/latex/base/ts1cmr.fd
File: ts1cmr.fd 2014/09/29 v2.5h Standard LaTeX font definitions
)
LaTeX Font Info:    ... okay on input line 68.

(/usr/share/texlive/texmf-dist/tex/context/base/supp-pdf.mkii
[Loading MPS to PDF converter (version 2006.09.02).]
\scratchcounter=\count118
\scratchdimen=\dimen135
\scratchbox=\box29
\nofMPsegments=\count119
\nofMParguments=\count120
\everyMPshowfont=\toks21
\MPscratchCnt=\count121
\MPscratchDim=\dimen136
\MPnumerator=\count122
\makeMPintoPDFobject=\count123
\everyMPtoPDFconversion=\toks22
) (/usr/share/texlive/texmf-dist/tex/latex/oberdiek/epstopdf-base.sty
Package: epstopdf-base 2010/02/09 v2.5 Base part for package epstopdf

(/usr/share/texlive/texmf-dist/tex/latex/oberdiek/grfext.sty
Package: grfext 2010/08/19 v1.1 Manage graphics extensions (HO)
)
Package grfext Info: Graphics extension search list:
(grfext)             [.png,.pdf,.jpg,.mps,.jpeg,.jbig2,.jb2,.PNG,.PDF,.JPG,.JPE
G,.JBIG2,.JB2,.eps]
(grfext)             \AppendGraphicsExtensions on input line 452.

(/usr/share/texlive/texmf-dist/tex/latex/latexconfig/epstopdf-sys.cfg
File: epstopdf-sys.cfg 2010/07/13 v1.3 Configuration of (r)epstopdf for TeX Liv
e
))
\AtBeginShipoutBox=\box30
Package hyperref Info: Link coloring ON on input line 68.

(/usr/share/texlive/texmf-dist/tex/latex/hyperref/nameref.sty
Package: nameref 2012/10/27 v2.43 Cross-referencing by name of section

(/usr/share/texlive/texmf-dist/tex/generic/oberdiek/gettitlestring.sty
Package: gettitlestring 2010/12/03 v1.4 Cleanup title references (HO)
)
\c@section@level=\count124
)
LaTeX Info: Redefining \ref on input line 68.
LaTeX Info: Redefining \pageref on input line 68.
LaTeX Info: Redefining \nameref on input line 68.

(./FOCUS_Z.out) (./FOCUS_Z.out)
\@outlinefile=\write4
\openout4 = `FOCUS_Z.out'.

LaTeX Font Info:    Try loading font information for U+msa on input line 81.

(/usr/share/texlive/texmf-dist/tex/latex/amsfonts/umsa.fd
File: umsa.fd 2013/01/14 v3.01 AMS symbols A
)
LaTeX Font Info:    Try loading font information for U+msb on input line 81.

(/usr/share/texlive/texmf-dist/tex/latex/amsfonts/umsb.fd
File: umsb.fd 2013/01/14 v3.01 AMS symbols B
)
LaTeX Font Info:    Try loading font information for U+lasy on input line 81.

(/usr/share/texlive/texmf-dist/tex/latex/base/ulasy.fd
File: ulasy.fd 1998/08/17 v2.2e LaTeX symbol font definitions
) [0

{/var/lib/texmf/fonts/map/pdftex/updmap/pdftex.map}] (./FOCUS_Z.toc)
\tf@toc=\write5
\openout5 = `FOCUS_Z.toc'.

Package color Info: Redefining color shadecolor on input line 96.
LaTeX Font Info:    Try loading font information for T1+aett on input line 97.

(/usr/share/texlive/texmf-dist/tex/latex/ae/t1aett.fd
File: t1aett.fd 1997/11/16 Font definitions for T1/aett.
)

LaTeX Font Warning: Font shape `T1/aett/bx/n' undefined
(Font)              using `T1/aett/m/n' instead on input line 98.

[1

]
Package color Info: Redefining color shadecolor on input line 140.
LaTeX Font Info:    Try loading font information for TS1+aett on input line 147
.
 (/usr/share/R/share/texmf/tex/latex/ts1aett.fd
File: ts1aett.fd 
)
LaTeX Font Info:    Try loading font information for TS1+cmtt on input line 147
.

(/usr/share/texlive/texmf-dist/tex/latex/base/ts1cmtt.fd
File: ts1cmtt.fd 2014/09/29 v2.5h Standard LaTeX font definitions
)
LaTeX Font Info:    Font shape `TS1/aett/m/n' in size <12> not available
(Font)              Font shape `TS1/cmtt/m/n' tried instead on input line 147.

Overfull \hbox (57.39793pt too wide) in paragraph at lines 147--147
[]\T1/aett/bx/n/12 ## make[1]: warning: jobserver unavailable: using -j1.  Add 
\TS1/cmtt/m/n/12 '\T1/aett/bx/n/12 +\TS1/cmtt/m/n/12 ' \T1/aett/bx/n/12 to pare
nt make rule.[] 
 []


Overfull \hbox (4.58922pt too wide) in paragraph at lines 150--150
[]\T1/aett/m/it/12 ## Suc-cess-fully com-piled dif-fer-en-tial equa-tion model 
from auto-generated C
 []

<figure/FOCUS_2006_Z_fits_1-1.pdf, id=42, 505.89pt x 433.62pt>
File: figure/FOCUS_2006_Z_fits_1-1.pdf Graphic file (type pdf)

<use figure/FOCUS_2006_Z_fits_1-1.pdf>
Package pdftex.def Info: figure/FOCUS_2006_Z_fits_1-1.pdf used on input line 15
5.
(pdftex.def)             Requested size: 460.72124pt x 394.91241pt.
 [2] [3 <./figure/FOCUS_2006_Z_fits_1-1.pdf>]
Package color Info: Redefining color shadecolor on input line 186.

Overfull \hbox (57.39793pt too wide) in paragraph at lines 194--194
[]\T1/aett/bx/n/12 ## make[1]: warning: jobserver unavailable: using -j1.  Add 
\TS1/cmtt/m/n/12 '\T1/aett/bx/n/12 +\TS1/cmtt/m/n/12 ' \T1/aett/bx/n/12 to pare
nt make rule.[] 
 []


Overfull \hbox (4.58922pt too wide) in paragraph at lines 197--197
[]\T1/aett/m/it/12 ## Suc-cess-fully com-piled dif-fer-en-tial equa-tion model 
from auto-generated C
 []

<figure/FOCUS_2006_Z_fits_2-1.pdf, id=59, 505.89pt x 433.62pt>
File: figure/FOCUS_2006_Z_fits_2-1.pdf Graphic file (type pdf)

<use figure/FOCUS_2006_Z_fits_2-1.pdf>
Package pdftex.def Info: figure/FOCUS_2006_Z_fits_2-1.pdf used on input line 20
2.
(pdftex.def)             Requested size: 460.72124pt x 394.91241pt.
 [4] [5 <./figure/FOCUS_2006_Z_fits_2-1.pdf>]
Package color Info: Redefining color shadecolor on input line 237.

Overfull \hbox (57.39793pt too wide) in paragraph at lines 244--244
[]\T1/aett/bx/n/12 ## make[1]: warning: jobserver unavailable: using -j1.  Add 
\TS1/cmtt/m/n/12 '\T1/aett/bx/n/12 +\TS1/cmtt/m/n/12 ' \T1/aett/bx/n/12 to pare
nt make rule.[] 
 []


Overfull \hbox (4.58922pt too wide) in paragraph at lines 247--247
[]\T1/aett/m/it/12 ## Suc-cess-fully com-piled dif-fer-en-tial equa-tion model 
from auto-generated C
 []

<figure/FOCUS_2006_Z_fits_3-1.pdf, id=76, 505.89pt x 433.62pt>
File: figure/FOCUS_2006_Z_fits_3-1.pdf Graphic file (type pdf)

<use figure/FOCUS_2006_Z_fits_3-1.pdf>
Package pdftex.def Info: figure/FOCUS_2006_Z_fits_3-1.pdf used on input line 25
2.
(pdftex.def)             Requested size: 460.72124pt x 394.91241pt.
 [6] [7 <./figure/FOCUS_2006_Z_fits_3-1.pdf>]
Package color Info: Redefining color shadecolor on input line 281.

Overfull \hbox (57.39793pt too wide) in paragraph at lines 289--289
[]\T1/aett/bx/n/12 ## make[1]: warning: jobserver unavailable: using -j1.  Add 
\TS1/cmtt/m/n/12 '\T1/aett/bx/n/12 +\TS1/cmtt/m/n/12 ' \T1/aett/bx/n/12 to pare
nt make rule.[] 
 []


Overfull \hbox (4.58922pt too wide) in paragraph at lines 292--292
[]\T1/aett/m/it/12 ## Suc-cess-fully com-piled dif-fer-en-tial equa-tion model 
from auto-generated C
 []

<figure/FOCUS_2006_Z_fits_5-1.pdf, id=98, 505.89pt x 505.89pt>
File: figure/FOCUS_2006_Z_fits_5-1.pdf Graphic file (type pdf)

<use figure/FOCUS_2006_Z_fits_5-1.pdf>
Package pdftex.def Info: figure/FOCUS_2006_Z_fits_5-1.pdf used on input line 29
7.
(pdftex.def)             Requested size: 460.72124pt x 460.73112pt.
 [8]
Package color Info: Redefining color shadecolor on input line 306.

Overfull \hbox (57.39793pt too wide) in paragraph at lines 316--316
[]\T1/aett/bx/n/12 ## make[1]: warning: jobserver unavailable: using -j1.  Add 
\TS1/cmtt/m/n/12 '\T1/aett/bx/n/12 +\TS1/cmtt/m/n/12 ' \T1/aett/bx/n/12 to pare
nt make rule.[] 
 []


Overfull \hbox (4.58922pt too wide) in paragraph at lines 319--319
[]\T1/aett/m/it/12 ## Suc-cess-fully com-piled dif-fer-en-tial equa-tion model 
from auto-generated C
 []


Underfull \vbox (badness 10000) detected at line 325
 []

[9 <./figure/FOCUS_2006_Z_fits_5-1.pdf>]
<figure/FOCUS_2006_Z_fits_6-1.pdf, id=114, 505.89pt x 578.16pt>
File: figure/FOCUS_2006_Z_fits_6-1.pdf Graphic file (type pdf)

<use figure/FOCUS_2006_Z_fits_6-1.pdf>
Package pdftex.def Info: figure/FOCUS_2006_Z_fits_6-1.pdf used on input line 32
6.
(pdftex.def)             Requested size: 460.72124pt x 526.54988pt.
 [10]
Underfull \vbox (badness 3229) detected at line 364
 []

[11 <./figure/FOCUS_2006_Z_fits_6-1.pdf>]
Package color Info: Redefining color shadecolor on input line 383.

Overfull \hbox (57.39793pt too wide) in paragraph at lines 392--392
[]\T1/aett/bx/n/12 ## make[1]: warning: jobserver unavailable: using -j1.  Add 
\TS1/cmtt/m/n/12 '\T1/aett/bx/n/12 +\TS1/cmtt/m/n/12 ' \T1/aett/bx/n/12 to pare
nt make rule.[] 
 []


Overfull \hbox (4.58922pt too wide) in paragraph at lines 395--395
[]\T1/aett/m/it/12 ## Suc-cess-fully com-piled dif-fer-en-tial equa-tion model 
from auto-generated C
 []

[12] <figure/FOCUS_2006_Z_fits_7-1.pdf, id=136, 505.89pt x 578.16pt>
File: figure/FOCUS_2006_Z_fits_7-1.pdf Graphic file (type pdf)

<use figure/FOCUS_2006_Z_fits_7-1.pdf>
Package pdftex.def Info: figure/FOCUS_2006_Z_fits_7-1.pdf used on input line 40
0.
(pdftex.def)             Requested size: 460.72124pt x 526.54988pt.
 [13]
Package color Info: Redefining color shadecolor on input line 415.
 [14 <./figure/FOCUS_2006_Z_fits_7-1.pdf>]
Overfull \hbox (57.39793pt too wide) in paragraph at lines 423--423
[]\T1/aett/bx/n/12 ## make[1]: warning: jobserver unavailable: using -j1.  Add 
\TS1/cmtt/m/n/12 '\T1/aett/bx/n/12 +\TS1/cmtt/m/n/12 ' \T1/aett/bx/n/12 to pare
nt make rule.[] 
 []


Overfull \hbox (4.58922pt too wide) in paragraph at lines 426--426
[]\T1/aett/m/it/12 ## Suc-cess-fully com-piled dif-fer-en-tial equa-tion model 
from auto-generated C
 []

<figure/FOCUS_2006_Z_fits_9-1.pdf, id=153, 505.89pt x 578.16pt>
File: figure/FOCUS_2006_Z_fits_9-1.pdf Graphic file (type pdf)

<use figure/FOCUS_2006_Z_fits_9-1.pdf>
Package pdftex.def Info: figure/FOCUS_2006_Z_fits_9-1.pdf used on input line 43
1.
(pdftex.def)             Requested size: 460.72124pt x 526.54988pt.
 [15]
Package color Info: Redefining color shadecolor on input line 442.
 [16 <./figure/FOCUS_2006_Z_fits_9-1.pdf>]
Overfull \hbox (57.39793pt too wide) in paragraph at lines 451--451
[]\T1/aett/bx/n/12 ## make[1]: warning: jobserver unavailable: using -j1.  Add 
\TS1/cmtt/m/n/12 '\T1/aett/bx/n/12 +\TS1/cmtt/m/n/12 ' \T1/aett/bx/n/12 to pare
nt make rule.[] 
 []


Overfull \hbox (4.58922pt too wide) in paragraph at lines 454--454
[]\T1/aett/m/it/12 ## Suc-cess-fully com-piled dif-fer-en-tial equa-tion model 
from auto-generated C
 []

<figure/FOCUS_2006_Z_fits_10-1.pdf, id=169, 505.89pt x 578.16pt>
File: figure/FOCUS_2006_Z_fits_10-1.pdf Graphic file (type pdf)

<use figure/FOCUS_2006_Z_fits_10-1.pdf>
Package pdftex.def Info: figure/FOCUS_2006_Z_fits_10-1.pdf used on input line 4
61.
(pdftex.def)             Requested size: 460.72124pt x 526.54988pt.
 [17]
Package color Info: Redefining color shadecolor on input line 470.

Overfull \hbox (57.39793pt too wide) in paragraph at lines 479--479
[]\T1/aett/bx/n/12 ## make[1]: warning: jobserver unavailable: using -j1.  Add 
\TS1/cmtt/m/n/12 '\T1/aett/bx/n/12 +\TS1/cmtt/m/n/12 ' \T1/aett/bx/n/12 to pare
nt make rule.[] 
 []


Overfull \hbox (4.58922pt too wide) in paragraph at lines 482--482
[]\T1/aett/m/it/12 ## Suc-cess-fully com-piled dif-fer-en-tial equa-tion model 
from auto-generated C
 []


Underfull \vbox (badness 3229) detected at line 488
 []

[18 <./figure/FOCUS_2006_Z_fits_10-1.pdf>]
<figure/FOCUS_2006_Z_fits_11-1.pdf, id=186, 505.89pt x 578.16pt>
File: figure/FOCUS_2006_Z_fits_11-1.pdf Graphic file (type pdf)

<use figure/FOCUS_2006_Z_fits_11-1.pdf>
Package pdftex.def Info: figure/FOCUS_2006_Z_fits_11-1.pdf used on input line 4
89.
(pdftex.def)             Requested size: 460.72124pt x 526.54988pt.
 [19]
Package color Info: Redefining color shadecolor on input line 499.

Underfull \vbox (badness 3229) detected at line 508
 []

[20 <./figure/FOCUS_2006_Z_fits_11-1.pdf>]
<figure/FOCUS_2006_Z_fits_11a-1.pdf, id=202, 505.89pt x 505.89pt>
File: figure/FOCUS_2006_Z_fits_11a-1.pdf Graphic file (type pdf)

<use figure/FOCUS_2006_Z_fits_11a-1.pdf>
Package pdftex.def Info: figure/FOCUS_2006_Z_fits_11a-1.pdf used on input line 
509.
(pdftex.def)             Requested size: 460.72124pt x 460.73112pt.
Package color Info: Redefining color shadecolor on input line 521.
 [21 <./figure/FOCUS_2006_Z_fits_11a-1.pdf>] <figure/FOCUS_2006_Z_fits_11b-1.pd
f, id=214, 505.89pt x 505.89pt>
File: figure/FOCUS_2006_Z_fits_11b-1.pdf Graphic file (type pdf)

<use figure/FOCUS_2006_Z_fits_11b-1.pdf>
Package pdftex.def Info: figure/FOCUS_2006_Z_fits_11b-1.pdf used on input line 
526.
(pdftex.def)             Requested size: 460.72124pt x 460.73112pt.
Package color Info: Redefining color shadecolor on input line 533.
 [22 <./figure/FOCUS_2006_Z_fits_11b-1.pdf>] (./FOCUS_Z.bbl)
Package atveryend Info: Empty hook `BeforeClearDocument' on input line 565.
 [23]
Package atveryend Info: Empty hook `AfterLastShipout' on input line 565.
 (./FOCUS_Z.aux)
Package atveryend Info: Executing hook `AtVeryEndDocument' on input line 565.
Package atveryend Info: Executing hook `AtEndAfterFileList' on input line 565.
Package rerunfilecheck Info: File `FOCUS_Z.out' has not changed.
(rerunfilecheck)             Checksum: B13DB9712199BAA629673E11D2FD6F47;261.


LaTeX Font Warning: Some font shapes were not available, defaults substituted.

Package atveryend Info: Empty hook `AtVeryVeryEnd' on input line 565.
 ) 
Here is how much of TeX's memory you used:
 7809 strings out of 494895
 112616 string characters out of 6177381
 189876 words of memory out of 5000000
 10805 multiletter control sequences out of 15000+600000
 43056 words of font info for 107 fonts, out of 8000000 for 9000
 59 hyphenation exceptions out of 8191
 31i,8n,28p,354b,380s stack positions out of 10000i,500n,10000p,200000b,80000s
 </home/jranke/.texmf-var/fonts/pk/ljfour/jknappen/ec/tctt1200.600pk></usr/sh
are/texlive/texmf-dist/fonts/type1/public/amsfonts/cm/cmbx12.pfb></usr/share/te
xlive/texmf-dist/fonts/type1/public/amsfonts/cm/cmitt10.pfb></usr/share/texlive
/texmf-dist/fonts/type1/public/amsfonts/cm/cmmi12.pfb></usr/share/texlive/texmf
-dist/fonts/type1/public/amsfonts/cm/cmr10.pfb></usr/share/texlive/texmf-dist/f
onts/type1/public/amsfonts/cm/cmr12.pfb></usr/share/texlive/texmf-dist/fonts/ty
pe1/public/amsfonts/cm/cmr17.pfb></usr/share/texlive/texmf-dist/fonts/type1/pub
lic/amsfonts/cm/cmr7.pfb></usr/share/texlive/texmf-dist/fonts/type1/public/amsf
onts/cm/cmr8.pfb></usr/share/texlive/texmf-dist/fonts/type1/public/amsfonts/cm/
cmti12.pfb></usr/share/texlive/texmf-dist/fonts/type1/public/amsfonts/cm/cmtt10
.pfb></usr/share/texlive/texmf-dist/fonts/type1/public/amsfonts/cm/cmtt12.pfb>
Output written on FOCUS_Z.pdf (24 pages, 241995 bytes).
PDF statistics:
 281 PDF objects out of 1000 (max. 8388607)
 218 compressed objects within 3 object streams
 33 named destinations out of 1000 (max. 500000)
 88 words of extra memory for PDF output out of 10000 (max. 10000000)

